This file contains any messages produced by compilers while
running configure, to aid debugging if configure makes a mistake.

It was created by libosip2 configure 5.3.0, which was
generated by GNU Autoconf 2.71.  Invocation command line was

  $ ./configure --prefix=/home/kevin/workspace/3rd/osip2 --no-create --no-recursion

## --------- ##
## Platform. ##
## --------- ##

hostname = kevin-T500
uname -m = x86_64
uname -r = 5.19.0-32-generic
uname -s = Linux
uname -v = #33~22.04.1-Ubuntu SMP PREEMPT_DYNAMIC Mon Jan 30 17:03:34 UTC 2

/usr/bin/uname -p = x86_64
/bin/uname -X     = unknown

/bin/arch              = x86_64
/usr/bin/arch -k       = unknown
/usr/convex/getsysinfo = unknown
/usr/bin/hostinfo      = unknown
/bin/machine           = unknown
/usr/bin/oslevel       = unknown
/bin/universe          = unknown

PATH: /usr/local/sbin/
PATH: /usr/local/bin/
PATH: /usr/sbin/
PATH: /usr/bin/
PATH: /sbin/
PATH: /bin/
PATH: /usr/games/
PATH: /usr/local/games/
PATH: /snap/bin/
PATH: /opt/cuda-12.2/bin/
PATH: /opt/go/bin/
PATH: /opt/jdk-17.0.8/bin/
PATH: /opt/apache-maven-3.9.3/bin/
PATH: /home/kevin/Workspace/3rd/gmssl/bin/
PATH: /usr/bin/
PATH: /bin/


## ----------- ##
## Core tests. ##
## ----------- ##

configure:2494: looking for aux files: ltmain.sh compile config.guess config.sub missing install-sh
configure:2507:  trying ./scripts/
configure:2536:   ./scripts/ltmain.sh found
configure:2536:   ./scripts/compile found
configure:2536:   ./scripts/config.guess found
configure:2536:   ./scripts/config.sub found
configure:2536:   ./scripts/missing found
configure:2518:   ./scripts/install-sh found
configure:2649: libosip2                The GNU Open SIP library.
configure:2651: Copyright (C) 2001-2021 Aymeric MOIZARD - <amoizard@antisip.com>
configure:2663: result: Configuring  
configure:2666: result: Building Package on linux
configure:2691: checking for a BSD-compatible install
configure:2764: result: /usr/bin/install -c
configure:2775: checking whether build environment is sane
configure:2830: result: yes
configure:2989: checking for a race-free mkdir -p
configure:3033: result: /usr/bin/mkdir -p
configure:3040: checking for gawk
configure:3075: result: no
configure:3040: checking for mawk
configure:3061: found /usr/bin/mawk
configure:3072: result: mawk
configure:3083: checking whether make sets $(MAKE)
configure:3106: result: yes
configure:3136: checking whether make supports nested variables
configure:3154: result: yes
configure:3302: checking whether make supports nested variables
configure:3320: result: yes
configure:3339: checking build system type
configure:3354: result: x86_64-unknown-linux-gnu
configure:3374: checking host system type
configure:3388: result: x86_64-unknown-linux-gnu
configure:3472: checking for gcc
configure:3493: found /usr/bin/gcc
configure:3504: result: gcc
configure:3857: checking for C compiler version
configure:3866: gcc --version >&5
gcc (Ubuntu 11.4.0-1ubuntu1~22.04) 11.4.0
Copyright (C) 2021 Free Software Foundation, Inc.
This is free software; see the source for copying conditions.  There is NO
warranty; not even for MERCHANTABILITY or FITNESS FOR A PARTICULAR PURPOSE.

configure:3877: $? = 0
configure:3866: gcc -v >&5
Using built-in specs.
COLLECT_GCC=gcc
COLLECT_LTO_WRAPPER=/usr/lib/gcc/x86_64-linux-gnu/11/lto-wrapper
OFFLOAD_TARGET_NAMES=nvptx-none:amdgcn-amdhsa
OFFLOAD_TARGET_DEFAULT=1
Target: x86_64-linux-gnu
Configured with: ../src/configure -v --with-pkgversion='Ubuntu 11.4.0-1ubuntu1~22.04' --with-bugurl=file:///usr/share/doc/gcc-11/README.Bugs --enable-languages=c,ada,c++,go,brig,d,fortran,objc,obj-c++,m2 --prefix=/usr --with-gcc-major-version-only --program-suffix=-11 --program-prefix=x86_64-linux-gnu- --enable-shared --enable-linker-build-id --libexecdir=/usr/lib --without-included-gettext --enable-threads=posix --libdir=/usr/lib --enable-nls --enable-bootstrap --enable-clocale=gnu --enable-libstdcxx-debug --enable-libstdcxx-time=yes --with-default-libstdcxx-abi=new --enable-gnu-unique-object --disable-vtable-verify --enable-plugin --enable-default-pie --with-system-zlib --enable-libphobos-checking=release --with-target-system-zlib=auto --enable-objc-gc=auto --enable-multiarch --disable-werror --enable-cet --with-arch-32=i686 --with-abi=m64 --with-multilib-list=m32,m64,mx32 --enable-multilib --with-tune=generic --enable-offload-targets=nvptx-none=/build/gcc-11-XeT9lY/gcc-11-11.4.0/debian/tmp-nvptx/usr,amdgcn-amdhsa=/build/gcc-11-XeT9lY/gcc-11-11.4.0/debian/tmp-gcn/usr --without-cuda-driver --enable-checking=release --build=x86_64-linux-gnu --host=x86_64-linux-gnu --target=x86_64-linux-gnu --with-build-config=bootstrap-lto-lean --enable-link-serialization=2
Thread model: posix
Supported LTO compression algorithms: zlib zstd
gcc version 11.4.0 (Ubuntu 11.4.0-1ubuntu1~22.04) 
... rest of stderr output deleted ...
configure:3877: $? = 0
configure:3866: gcc -V >&5
gcc: error: unrecognized command-line option '-V'
gcc: fatal error: no input files
compilation terminated.
configure:3877: $? = 1
configure:3866: gcc -qversion >&5
gcc: error: unrecognized command-line option '-qversion'; did you mean '--version'?
gcc: fatal error: no input files
compilation terminated.
configure:3877: $? = 1
configure:3866: gcc -version >&5
gcc: error: unrecognized command-line option '-version'
gcc: fatal error: no input files
compilation terminated.
configure:3877: $? = 1
configure:3897: checking whether the C compiler works
configure:3919: gcc    conftest.c  >&5
configure:3923: $? = 0
configure:3973: result: yes
configure:3976: checking for C compiler default output file name
configure:3978: result: a.out
configure:3984: checking for suffix of executables
configure:3991: gcc -o conftest    conftest.c  >&5
configure:3995: $? = 0
configure:4018: result: 
configure:4040: checking whether we are cross compiling
configure:4048: gcc -o conftest    conftest.c  >&5
configure:4052: $? = 0
configure:4059: ./conftest
configure:4063: $? = 0
configure:4078: result: no
configure:4083: checking for suffix of object files
configure:4106: gcc -c   conftest.c >&5
configure:4110: $? = 0
configure:4132: result: o
configure:4136: checking whether the compiler supports GNU C
configure:4156: gcc -c   conftest.c >&5
configure:4156: $? = 0
configure:4166: result: yes
configure:4177: checking whether gcc accepts -g
configure:4198: gcc -c -g  conftest.c >&5
configure:4198: $? = 0
configure:4242: result: yes
configure:4262: checking for gcc option to enable C11 features
configure:4277: gcc  -c -g -O2  conftest.c >&5
configure:4277: $? = 0
configure:4295: result: none needed
configure:4411: checking whether gcc understands -c and -o together
configure:4434: gcc -c conftest.c -o conftest2.o
configure:4437: $? = 0
configure:4434: gcc -c conftest.c -o conftest2.o
configure:4437: $? = 0
configure:4449: result: yes
configure:4469: checking whether make supports the include directive
configure:4484: make -f confmf.GNU && cat confinc.out
make[1]: Entering directory '/media/kevin/9A3AC50E3AC4E879/GIT/libosip2-5.3.0'
make[1]: Leaving directory '/media/kevin/9A3AC50E3AC4E879/GIT/libosip2-5.3.0'
this is the am__doit target
configure:4487: $? = 0
configure:4506: result: yes (GNU style)
configure:4532: checking dependency style of gcc
configure:4644: result: gcc3
configure:4664: checking how to run the C preprocessor
configure:4690: gcc -E  conftest.c
configure:4690: $? = 0
configure:4705: gcc -E  conftest.c
conftest.c:11:10: fatal error: ac_nonexistent.h: No such file or directory
   11 | #include <ac_nonexistent.h>
      |          ^~~~~~~~~~~~~~~~~~
compilation terminated.
configure:4705: $? = 1
configure: failed program was:
| /* confdefs.h */
| #define PACKAGE_NAME "libosip2"
| #define PACKAGE_TARNAME "libosip2"
| #define PACKAGE_VERSION "5.3.0"
| #define PACKAGE_STRING "libosip2 5.3.0"
| #define PACKAGE_BUGREPORT ""
| #define PACKAGE_URL ""
| #define PACKAGE "libosip2"
| #define VERSION "5.3.0"
| /* end confdefs.h.  */
| #include <ac_nonexistent.h>
configure:4732: result: gcc -E
configure:4746: gcc -E  conftest.c
configure:4746: $? = 0
configure:4761: gcc -E  conftest.c
conftest.c:11:10: fatal error: ac_nonexistent.h: No such file or directory
   11 | #include <ac_nonexistent.h>
      |          ^~~~~~~~~~~~~~~~~~
compilation terminated.
configure:4761: $? = 1
configure: failed program was:
| /* confdefs.h */
| #define PACKAGE_NAME "libosip2"
| #define PACKAGE_TARNAME "libosip2"
| #define PACKAGE_VERSION "5.3.0"
| #define PACKAGE_STRING "libosip2 5.3.0"
| #define PACKAGE_BUGREPORT ""
| #define PACKAGE_URL ""
| #define PACKAGE "libosip2"
| #define VERSION "5.3.0"
| /* end confdefs.h.  */
| #include <ac_nonexistent.h>
configure:4794: checking for a sed that does not truncate output
configure:4864: result: /usr/bin/sed
configure:4916: checking how to print strings
configure:4943: result: printf
configure:4964: checking for a sed that does not truncate output
configure:5034: result: /usr/bin/sed
configure:5052: checking for grep that handles long lines and -e
configure:5116: result: /usr/bin/grep
configure:5121: checking for egrep
configure:5189: result: /usr/bin/grep -E
configure:5194: checking for fgrep
configure:5262: result: /usr/bin/grep -F
configure:5298: checking for ld used by gcc
configure:5366: result: /usr/bin/ld
configure:5373: checking if the linker (/usr/bin/ld) is GNU ld
configure:5389: result: yes
configure:5401: checking for BSD- or MS-compatible name lister (nm)
configure:5456: result: /usr/bin/nm -B
configure:5596: checking the name lister (/usr/bin/nm -B) interface
configure:5604: gcc -c -g -O2  conftest.c >&5
configure:5607: /usr/bin/nm -B "conftest.o"
configure:5610: output
0000000000000000 B some_variable
configure:5617: result: BSD nm
configure:5620: checking whether ln -s works
configure:5624: result: yes
configure:5632: checking the maximum length of command line arguments
configure:5764: result: 1572864
configure:5812: checking how to convert x86_64-unknown-linux-gnu file names to x86_64-unknown-linux-gnu format
configure:5853: result: func_convert_file_noop
configure:5860: checking how to convert x86_64-unknown-linux-gnu file names to toolchain format
configure:5881: result: func_convert_file_noop
configure:5888: checking for /usr/bin/ld option to reload object files
configure:5896: result: -r
configure:5975: checking for objdump
configure:5996: found /usr/bin/objdump
configure:6007: result: objdump
configure:6039: checking how to recognize dependent libraries
configure:6240: result: pass_all
configure:6330: checking for dlltool
configure:6365: result: no
configure:6395: checking how to associate runtime and link libraries
configure:6423: result: printf %s\n
configure:6489: checking for ar
configure:6510: found /usr/bin/ar
configure:6521: result: ar
configure:6558: checking for archiver @FILE support
configure:6576: gcc -c -g -O2  conftest.c >&5
configure:6576: $? = 0
configure:6580: ar cr libconftest.a @conftest.lst >&5
configure:6583: $? = 0
configure:6588: ar cr libconftest.a @conftest.lst >&5
ar: conftest.o: No such file or directory
configure:6591: $? = 1
configure:6603: result: @
configure:6666: checking for strip
configure:6687: found /usr/bin/strip
configure:6698: result: strip
configure:6775: checking for ranlib
configure:6796: found /usr/bin/ranlib
configure:6807: result: ranlib
configure:6909: checking command to parse /usr/bin/nm -B output from gcc object
configure:7063: gcc -c -g -O2  conftest.c >&5
configure:7066: $? = 0
configure:7070: /usr/bin/nm -B conftest.o | sed -n -e 's/^.*[	 ]\([ABCDGIRSTW][ABCDGIRSTW]*\)[	 ][	 ]*\([_A-Za-z][_A-Za-z0-9]*\)$/\1 \2 \2/p' | sed '/ __gnu_lto/d' > conftest.nm
configure:7136: gcc -o conftest -g -O2   conftest.c conftstm.o >&5
configure:7139: $? = 0
configure:7177: result: ok
configure:7224: checking for sysroot
configure:7255: result: no
configure:7262: checking for a working dd
configure:7306: result: /usr/bin/dd
configure:7310: checking how to truncate binary pipes
configure:7326: result: /usr/bin/dd bs=4096 count=1
configure:7463: gcc -c -g -O2  conftest.c >&5
configure:7466: $? = 0
configure:7663: checking for mt
configure:7684: found /usr/bin/mt
configure:7695: result: mt
configure:7718: checking if mt is a manifest tool
configure:7725: mt '-?'
configure:7733: result: no
configure:8463: checking for stdio.h
configure:8463: gcc -c -g -O2  conftest.c >&5
configure:8463: $? = 0
configure:8463: result: yes
configure:8463: checking for stdlib.h
configure:8463: gcc -c -g -O2  conftest.c >&5
configure:8463: $? = 0
configure:8463: result: yes
configure:8463: checking for string.h
configure:8463: gcc -c -g -O2  conftest.c >&5
configure:8463: $? = 0
configure:8463: result: yes
configure:8463: checking for inttypes.h
configure:8463: gcc -c -g -O2  conftest.c >&5
configure:8463: $? = 0
configure:8463: result: yes
configure:8463: checking for stdint.h
configure:8463: gcc -c -g -O2  conftest.c >&5
configure:8463: $? = 0
configure:8463: result: yes
configure:8463: checking for strings.h
configure:8463: gcc -c -g -O2  conftest.c >&5
configure:8463: $? = 0
configure:8463: result: yes
configure:8463: checking for sys/stat.h
configure:8463: gcc -c -g -O2  conftest.c >&5
configure:8463: $? = 0
configure:8463: result: yes
configure:8463: checking for sys/types.h
configure:8463: gcc -c -g -O2  conftest.c >&5
configure:8463: $? = 0
configure:8463: result: yes
configure:8463: checking for unistd.h
configure:8463: gcc -c -g -O2  conftest.c >&5
configure:8463: $? = 0
configure:8463: result: yes
configure:8488: checking for dlfcn.h
configure:8488: gcc -c -g -O2  conftest.c >&5
configure:8488: $? = 0
configure:8488: result: yes
configure:8747: checking for objdir
configure:8763: result: .libs
configure:9027: checking if gcc supports -fno-rtti -fno-exceptions
configure:9046: gcc -c -g -O2  -fno-rtti -fno-exceptions conftest.c >&5
cc1: warning: command-line option '-fno-rtti' is valid for C++/D/ObjC++ but not for C
configure:9050: $? = 0
configure:9063: result: no
configure:9427: checking for gcc option to produce PIC
configure:9435: result: -fPIC -DPIC
configure:9443: checking if gcc PIC flag -fPIC -DPIC works
configure:9462: gcc -c -g -O2  -fPIC -DPIC -DPIC conftest.c >&5
configure:9466: $? = 0
configure:9479: result: yes
configure:9508: checking if gcc static flag -static works
configure:9537: result: yes
configure:9552: checking if gcc supports -c -o file.o
configure:9574: gcc -c -g -O2  -o out/conftest2.o conftest.c >&5
configure:9578: $? = 0
configure:9600: result: yes
configure:9608: checking if gcc supports -c -o file.o
configure:9656: result: yes
configure:9689: checking whether the gcc linker (/usr/bin/ld -m elf_x86_64) supports shared libraries
configure:10959: result: yes
configure:10996: checking whether -lc should be explicitly linked in
configure:11005: gcc -c -g -O2  conftest.c >&5
configure:11008: $? = 0
configure:11023: gcc -shared  -fPIC -DPIC conftest.o  -v -Wl,-soname -Wl,conftest -o conftest 2\>\&1 \| /usr/bin/grep  -lc  \>/dev/null 2\>\&1
configure:11026: $? = 0
configure:11040: result: no
configure:11200: checking dynamic linker characteristics
configure:11782: gcc -o conftest -g -O2   -Wl,-rpath -Wl,/foo conftest.c  >&5
configure:11782: $? = 0
configure:12033: result: GNU/Linux ld.so
configure:12155: checking how to hardcode library paths into programs
configure:12180: result: immediate
configure:12732: checking whether stripping libraries is possible
configure:12737: result: yes
configure:12772: checking if libtool supports shared libraries
configure:12774: result: yes
configure:12777: checking whether to build shared libraries
configure:12802: result: yes
configure:12805: checking whether to build static libraries
configure:12809: result: yes
configure:13053: checking if compiler needs -Werror to reject unknown flags
configure:13069: gcc -c -g -O2 -Werror -Wunknown-warning-option -Wsizeof-array-argument  conftest.c >&5
gcc: error: unrecognized command-line option '-Wunknown-warning-option'
configure:13069: $? = 1
configure: failed program was:
| /* confdefs.h */
| #define PACKAGE_NAME "libosip2"
| #define PACKAGE_TARNAME "libosip2"
| #define PACKAGE_VERSION "5.3.0"
| #define PACKAGE_STRING "libosip2 5.3.0"
| #define PACKAGE_BUGREPORT ""
| #define PACKAGE_URL ""
| #define PACKAGE "libosip2"
| #define VERSION "5.3.0"
| #define HAVE_STDIO_H 1
| #define HAVE_STDLIB_H 1
| #define HAVE_STRING_H 1
| #define HAVE_INTTYPES_H 1
| #define HAVE_STDINT_H 1
| #define HAVE_STRINGS_H 1
| #define HAVE_SYS_STAT_H 1
| #define HAVE_SYS_TYPES_H 1
| #define HAVE_UNISTD_H 1
| #define STDC_HEADERS 1
| #define HAVE_DLFCN_H 1
| #define LT_OBJDIR ".libs/"
| /* end confdefs.h.  */
| int foo(void);
| int
| main (void)
| {
| foo()
|   ;
|   return 0;
| }
configure:13075: result: no
configure:13146: checking for the pthreads library -lpthreads
configure:13184: gcc -o conftest -g -O2     conftest.c -lpthreads  >&5
/usr/bin/ld: cannot find -lpthreads: No such file or directory
collect2: error: ld returned 1 exit status
configure:13184: $? = 1
configure: failed program was:
| /* confdefs.h */
| #define PACKAGE_NAME "libosip2"
| #define PACKAGE_TARNAME "libosip2"
| #define PACKAGE_VERSION "5.3.0"
| #define PACKAGE_STRING "libosip2 5.3.0"
| #define PACKAGE_BUGREPORT ""
| #define PACKAGE_URL ""
| #define PACKAGE "libosip2"
| #define VERSION "5.3.0"
| #define HAVE_STDIO_H 1
| #define HAVE_STDLIB_H 1
| #define HAVE_STRING_H 1
| #define HAVE_INTTYPES_H 1
| #define HAVE_STDINT_H 1
| #define HAVE_STRINGS_H 1
| #define HAVE_SYS_STAT_H 1
| #define HAVE_SYS_TYPES_H 1
| #define HAVE_UNISTD_H 1
| #define STDC_HEADERS 1
| #define HAVE_DLFCN_H 1
| #define LT_OBJDIR ".libs/"
| /* end confdefs.h.  */
| #include <pthread.h>
|                         static void routine(void *a) { a = 0; }
|                         static void *start_routine(void *a) { return a; }
| int
| main (void)
| {
| pthread_t th; pthread_attr_t attr;
|                         pthread_create(&th, 0, start_routine, 0);
|                         pthread_join(th, 0);
|                         pthread_attr_init(&attr);
|                         pthread_cleanup_push(routine, 0);
|                         pthread_cleanup_pop(0) /* ; */
|   ;
|   return 0;
| }
configure:13194: result: no
configure:13086: checking whether pthreads work without any flags
configure:13184: gcc -o conftest -g -O2     conftest.c   >&5
configure:13184: $? = 0
configure:13194: result: yes
configure:13213: checking for joinable pthread attribute
configure:13228: gcc -o conftest -g -O2    conftest.c   >&5
configure:13228: $? = 0
configure:13235: result: PTHREAD_CREATE_JOINABLE
configure:13243: checking if more special flags are required for pthreads
configure:13258: result: no
configure:13264: checking for PTHREAD_PRIO_INHERIT
configure:13282: gcc -o conftest -g -O2    conftest.c   >&5
configure:13282: $? = 0
configure:13292: result: yes
configure:13435: checking for semaphore.h
configure:13435: gcc -c -g -O2   conftest.c >&5
configure:13435: $? = 0
configure:13435: result: yes
configure:13442: checking for sys/sem.h
configure:13442: gcc -c -g -O2   conftest.c >&5
configure:13442: $? = 0
configure:13442: result: yes
configure:13527: checking for sem_open in -lposix4
configure:13550: gcc -o conftest -g -O2    conftest.c -lposix4    >&5
/usr/bin/ld: cannot find -lposix4: No such file or directory
collect2: error: ld returned 1 exit status
configure:13550: $? = 1
configure: failed program was:
| /* confdefs.h */
| #define PACKAGE_NAME "libosip2"
| #define PACKAGE_TARNAME "libosip2"
| #define PACKAGE_VERSION "5.3.0"
| #define PACKAGE_STRING "libosip2 5.3.0"
| #define PACKAGE_BUGREPORT ""
| #define PACKAGE_URL ""
| #define PACKAGE "libosip2"
| #define VERSION "5.3.0"
| #define HAVE_STDIO_H 1
| #define HAVE_STDLIB_H 1
| #define HAVE_STRING_H 1
| #define HAVE_INTTYPES_H 1
| #define HAVE_STDINT_H 1
| #define HAVE_STRINGS_H 1
| #define HAVE_SYS_STAT_H 1
| #define HAVE_SYS_TYPES_H 1
| #define HAVE_UNISTD_H 1
| #define STDC_HEADERS 1
| #define HAVE_DLFCN_H 1
| #define LT_OBJDIR ".libs/"
| #define HAVE_PTHREAD_PRIO_INHERIT 1
| #define HAVE_PTHREAD 1
| #define HAVE_SEMAPHORE_H 1
| #define HAVE_SYS_SEM_H 1
| /* end confdefs.h.  */
| 
| /* Override any GCC internal prototype to avoid an error.
|    Use char because int might match the return type of a GCC
|    builtin and then its argument prototype would still apply.  */
| char sem_open ();
| int
| main (void)
| {
| return sem_open ();
|   ;
|   return 0;
| }
configure:13560: result: no
configure:13567: checking for nis_add in -lnsl
configure:13590: gcc -o conftest -g -O2    conftest.c -lnsl    >&5
configure:13590: $? = 0
configure:13600: result: yes
configure:13607: checking for sendto in -lsocket
configure:13630: gcc -o conftest -g -O2    conftest.c -lsocket    >&5
/usr/bin/ld: cannot find -lsocket: No such file or directory
collect2: error: ld returned 1 exit status
configure:13630: $? = 1
configure: failed program was:
| /* confdefs.h */
| #define PACKAGE_NAME "libosip2"
| #define PACKAGE_TARNAME "libosip2"
| #define PACKAGE_VERSION "5.3.0"
| #define PACKAGE_STRING "libosip2 5.3.0"
| #define PACKAGE_BUGREPORT ""
| #define PACKAGE_URL ""
| #define PACKAGE "libosip2"
| #define VERSION "5.3.0"
| #define HAVE_STDIO_H 1
| #define HAVE_STDLIB_H 1
| #define HAVE_STRING_H 1
| #define HAVE_INTTYPES_H 1
| #define HAVE_STDINT_H 1
| #define HAVE_STRINGS_H 1
| #define HAVE_SYS_STAT_H 1
| #define HAVE_SYS_TYPES_H 1
| #define HAVE_UNISTD_H 1
| #define STDC_HEADERS 1
| #define HAVE_DLFCN_H 1
| #define LT_OBJDIR ".libs/"
| #define HAVE_PTHREAD_PRIO_INHERIT 1
| #define HAVE_PTHREAD 1
| #define HAVE_SEMAPHORE_H 1
| #define HAVE_SYS_SEM_H 1
| /* end confdefs.h.  */
| 
| /* Override any GCC internal prototype to avoid an error.
|    Use char because int might match the return type of a GCC
|    builtin and then its argument prototype would still apply.  */
| char sendto ();
| int
| main (void)
| {
| return sendto ();
|   ;
|   return 0;
| }
configure:13640: result: no
configure:13647: checking for lrand48 in -lc
configure:13670: gcc -o conftest -g -O2    conftest.c -lc    >&5
configure:13670: $? = 0
configure:13680: result: yes
configure:13689: checking for clock_gettime in -lrt
configure:13712: gcc -o conftest -g -O2    conftest.c -lrt    >&5
configure:13712: $? = 0
configure:13722: result: yes
configure:13730: checking for localtime
configure:13730: gcc -o conftest -g -O2    conftest.c   >&5
configure:13730: $? = 0
configure:13730: result: yes
configure:13738: checking whether -Wall works
configure:13758: gcc -c -g -O2  -Wall conftest.c >&5
configure:13758: $? = 0
configure:13768: result: yes
configure:13775: checking whether -Wcast-align works
configure:13795: gcc -c -g -O2  -Wcast-align conftest.c >&5
configure:13795: $? = 0
configure:13805: result: yes
configure:13812: checking whether -Wchar-subscripts works
configure:13832: gcc -c -g -O2  -Wchar-subscripts conftest.c >&5
configure:13832: $? = 0
configure:13842: result: yes
configure:13849: checking whether -Wformat works
configure:13869: gcc -c -g -O2  -Wformat conftest.c >&5
configure:13869: $? = 0
configure:13879: result: yes
configure:13886: checking whether -Winline works
configure:13906: gcc -c -g -O2  -Winline conftest.c >&5
configure:13906: $? = 0
configure:13916: result: yes
configure:13923: checking whether -Wmissing-declarations works
configure:13943: gcc -c -g -O2  -Wmissing-declarations conftest.c >&5
configure:13943: $? = 0
configure:13953: result: yes
configure:13960: checking whether -Wmissing-prototypes works
configure:13980: gcc -c -g -O2  -Wmissing-prototypes conftest.c >&5
configure:13980: $? = 0
configure:13990: result: yes
configure:13997: checking whether -Wnested-externs works
configure:14017: gcc -c -g -O2  -Wnested-externs conftest.c >&5
configure:14017: $? = 0
configure:14027: result: yes
configure:14034: checking whether -Wpointer-arith works
configure:14054: gcc -c -g -O2  -Wpointer-arith conftest.c >&5
configure:14054: $? = 0
configure:14064: result: yes
configure:14086: checking for egrep
configure:14154: result: /usr/bin/grep -E
configure:14160: checking for string.h
configure:14160: result: yes
configure:14167: checking for strings.h
configure:14167: result: yes
configure:14174: checking for stdlib.h
configure:14174: result: yes
configure:14181: checking for unistd.h
configure:14181: result: yes
configure:14188: checking for sys/types.h
configure:14188: result: yes
configure:14196: checking for sys/unistd.h
configure:14196: gcc -c -g -O2   -Wall -Wcast-align -Wchar-subscripts -Wformat -Winline -Wmissing-declarations -Wmissing-prototypes -Wnested-externs -Wpointer-arith conftest.c >&5
configure:14196: $? = 0
configure:14196: result: yes
configure:14203: checking for syslog.h
configure:14203: gcc -c -g -O2   -Wall -Wcast-align -Wchar-subscripts -Wformat -Winline -Wmissing-declarations -Wmissing-prototypes -Wnested-externs -Wpointer-arith conftest.c >&5
configure:14203: $? = 0
configure:14203: result: yes
configure:14210: checking for ctype.h
configure:14210: gcc -c -g -O2   -Wall -Wcast-align -Wchar-subscripts -Wformat -Winline -Wmissing-declarations -Wmissing-prototypes -Wnested-externs -Wpointer-arith conftest.c >&5
configure:14210: $? = 0
configure:14210: result: yes
configure:14217: checking for stdio.h
configure:14217: result: yes
configure:14224: checking for stdarg.h
configure:14224: gcc -c -g -O2   -Wall -Wcast-align -Wchar-subscripts -Wformat -Winline -Wmissing-declarations -Wmissing-prototypes -Wnested-externs -Wpointer-arith conftest.c >&5
configure:14224: $? = 0
configure:14224: result: yes
configure:14231: checking for varargs.h
configure:14231: gcc -c -g -O2   -Wall -Wcast-align -Wchar-subscripts -Wformat -Winline -Wmissing-declarations -Wmissing-prototypes -Wnested-externs -Wpointer-arith conftest.c >&5
In file included from conftest.c:67:
/usr/lib/gcc/x86_64-linux-gnu/11/include/varargs.h:4:2: error: #error "GCC no longer implements <varargs.h>."
    4 | #error "GCC no longer implements <varargs.h>."
      |  ^~~~~
/usr/lib/gcc/x86_64-linux-gnu/11/include/varargs.h:5:2: error: #error "Revise your code to use <stdarg.h>."
    5 | #error "Revise your code to use <stdarg.h>."
      |  ^~~~~
configure:14231: $? = 1
configure: failed program was:
| /* confdefs.h */
| #define PACKAGE_NAME "libosip2"
| #define PACKAGE_TARNAME "libosip2"
| #define PACKAGE_VERSION "5.3.0"
| #define PACKAGE_STRING "libosip2 5.3.0"
| #define PACKAGE_BUGREPORT ""
| #define PACKAGE_URL ""
| #define PACKAGE "libosip2"
| #define VERSION "5.3.0"
| #define HAVE_STDIO_H 1
| #define HAVE_STDLIB_H 1
| #define HAVE_STRING_H 1
| #define HAVE_INTTYPES_H 1
| #define HAVE_STDINT_H 1
| #define HAVE_STRINGS_H 1
| #define HAVE_SYS_STAT_H 1
| #define HAVE_SYS_TYPES_H 1
| #define HAVE_UNISTD_H 1
| #define STDC_HEADERS 1
| #define HAVE_DLFCN_H 1
| #define LT_OBJDIR ".libs/"
| #define HAVE_PTHREAD_PRIO_INHERIT 1
| #define HAVE_PTHREAD 1
| #define HAVE_SEMAPHORE_H 1
| #define HAVE_SYS_SEM_H 1
| #define HAVE_LRAND48 /**/
| #define HAVE_LOCALTIME 1
| #define HAVE_STRING_H 1
| #define HAVE_STRINGS_H 1
| #define HAVE_STDLIB_H 1
| #define HAVE_UNISTD_H 1
| #define HAVE_SYS_TYPES_H 1
| #define HAVE_SYS_UNISTD_H 1
| #define HAVE_SYSLOG_H 1
| #define HAVE_CTYPE_H 1
| #define HAVE_STDIO_H 1
| #define HAVE_STDARG_H 1
| /* end confdefs.h.  */
| #include <stddef.h>
| #ifdef HAVE_STDIO_H
| # include <stdio.h>
| #endif
| #ifdef HAVE_STDLIB_H
| # include <stdlib.h>
| #endif
| #ifdef HAVE_STRING_H
| # include <string.h>
| #endif
| #ifdef HAVE_INTTYPES_H
| # include <inttypes.h>
| #endif
| #ifdef HAVE_STDINT_H
| # include <stdint.h>
| #endif
| #ifdef HAVE_STRINGS_H
| # include <strings.h>
| #endif
| #ifdef HAVE_SYS_TYPES_H
| # include <sys/types.h>
| #endif
| #ifdef HAVE_SYS_STAT_H
| # include <sys/stat.h>
| #endif
| #ifdef HAVE_UNISTD_H
| # include <unistd.h>
| #endif
| #include <varargs.h>
configure:14231: result: no
configure:14238: checking for fcntl.h
configure:14238: gcc -c -g -O2   -Wall -Wcast-align -Wchar-subscripts -Wformat -Winline -Wmissing-declarations -Wmissing-prototypes -Wnested-externs -Wpointer-arith conftest.c >&5
configure:14238: $? = 0
configure:14238: result: yes
configure:14245: checking for time.h
configure:14245: gcc -c -g -O2   -Wall -Wcast-align -Wchar-subscripts -Wformat -Winline -Wmissing-declarations -Wmissing-prototypes -Wnested-externs -Wpointer-arith conftest.c >&5
configure:14245: $? = 0
configure:14245: result: yes
configure:14252: checking for sys/time.h
configure:14252: gcc -c -g -O2   -Wall -Wcast-align -Wchar-subscripts -Wformat -Winline -Wmissing-declarations -Wmissing-prototypes -Wnested-externs -Wpointer-arith conftest.c >&5
configure:14252: $? = 0
configure:14252: result: yes
configure:14259: checking for sys/select.h
configure:14259: gcc -c -g -O2   -Wall -Wcast-align -Wchar-subscripts -Wformat -Winline -Wmissing-declarations -Wmissing-prototypes -Wnested-externs -Wpointer-arith conftest.c >&5
configure:14259: $? = 0
configure:14259: result: yes
configure:14266: checking for assert.h
configure:14266: gcc -c -g -O2   -Wall -Wcast-align -Wchar-subscripts -Wformat -Winline -Wmissing-declarations -Wmissing-prototypes -Wnested-externs -Wpointer-arith conftest.c >&5
configure:14266: $? = 0
configure:14266: result: yes
configure:14273: checking for signal.h
configure:14273: gcc -c -g -O2   -Wall -Wcast-align -Wchar-subscripts -Wformat -Winline -Wmissing-declarations -Wmissing-prototypes -Wnested-externs -Wpointer-arith conftest.c >&5
configure:14273: $? = 0
configure:14273: result: yes
configure:14280: checking for sys/signal.h
configure:14280: gcc -c -g -O2   -Wall -Wcast-align -Wchar-subscripts -Wformat -Winline -Wmissing-declarations -Wmissing-prototypes -Wnested-externs -Wpointer-arith conftest.c >&5
configure:14280: $? = 0
configure:14280: result: yes
configure:14287: checking for malloc.h
configure:14287: gcc -c -g -O2   -Wall -Wcast-align -Wchar-subscripts -Wformat -Winline -Wmissing-declarations -Wmissing-prototypes -Wnested-externs -Wpointer-arith conftest.c >&5
configure:14287: $? = 0
configure:14287: result: yes
configure:14295: checking for struct timeval
configure:14295: gcc -c -g -O2   -Wall -Wcast-align -Wchar-subscripts -Wformat -Winline -Wmissing-declarations -Wmissing-prototypes -Wnested-externs -Wpointer-arith conftest.c >&5
configure:14295: $? = 0
configure:14295: gcc -c -g -O2   -Wall -Wcast-align -Wchar-subscripts -Wformat -Winline -Wmissing-declarations -Wmissing-prototypes -Wnested-externs -Wpointer-arith conftest.c >&5
conftest.c: In function 'main':
conftest.c:63:29: error: expected expression before ')' token
   63 | if (sizeof ((struct timeval)))
      |                             ^
configure:14295: $? = 1
configure: failed program was:
| /* confdefs.h */
| #define PACKAGE_NAME "libosip2"
| #define PACKAGE_TARNAME "libosip2"
| #define PACKAGE_VERSION "5.3.0"
| #define PACKAGE_STRING "libosip2 5.3.0"
| #define PACKAGE_BUGREPORT ""
| #define PACKAGE_URL ""
| #define PACKAGE "libosip2"
| #define VERSION "5.3.0"
| #define HAVE_STDIO_H 1
| #define HAVE_STDLIB_H 1
| #define HAVE_STRING_H 1
| #define HAVE_INTTYPES_H 1
| #define HAVE_STDINT_H 1
| #define HAVE_STRINGS_H 1
| #define HAVE_SYS_STAT_H 1
| #define HAVE_SYS_TYPES_H 1
| #define HAVE_UNISTD_H 1
| #define STDC_HEADERS 1
| #define HAVE_DLFCN_H 1
| #define LT_OBJDIR ".libs/"
| #define HAVE_PTHREAD_PRIO_INHERIT 1
| #define HAVE_PTHREAD 1
| #define HAVE_SEMAPHORE_H 1
| #define HAVE_SYS_SEM_H 1
| #define HAVE_LRAND48 /**/
| #define HAVE_LOCALTIME 1
| #define HAVE_STRING_H 1
| #define HAVE_STRINGS_H 1
| #define HAVE_STDLIB_H 1
| #define HAVE_UNISTD_H 1
| #define HAVE_SYS_TYPES_H 1
| #define HAVE_SYS_UNISTD_H 1
| #define HAVE_SYSLOG_H 1
| #define HAVE_CTYPE_H 1
| #define HAVE_STDIO_H 1
| #define HAVE_STDARG_H 1
| #define HAVE_FCNTL_H 1
| #define HAVE_TIME_H 1
| #define HAVE_SYS_TIME_H 1
| #define HAVE_SYS_SELECT_H 1
| #define HAVE_ASSERT_H 1
| #define HAVE_SIGNAL_H 1
| #define HAVE_SYS_SIGNAL_H 1
| #define HAVE_MALLOC_H 1
| /* end confdefs.h.  */
| 
|      #if TIME_WITH_SYS_TIME
|      # include <sys/time.h>
|      # include <time.h>
|      #else
|      # if HAVE_SYS_TIME_H
|      #  include <sys/time.h>
|      # else
|      #  include <time.h>
|      # endif
|      #endif
| 
| 
| int
| main (void)
| {
| if (sizeof ((struct timeval)))
| 	    return 0;
|   ;
|   return 0;
| }
configure:14295: result: yes
configure:14420: checking that generated files are newer than configure
configure:14426: result: done
configure:14461: creating ./config.status

## ---------------- ##
## Cache variables. ##
## ---------------- ##

Wall_cv_flag=yes
Wcast_align_cv_flag=yes
Wchar_subscripts_cv_flag=yes
Wformat_cv_flag=yes
Winline_cv_flag=yes
Wmissing_declarations_cv_flag=yes
Wmissing_prototypes_cv_flag=yes
Wnested_externs_cv_flag=yes
Wpointer_arith_cv_flag=yes
ac_cv_build=x86_64-unknown-linux-gnu
ac_cv_c_compiler_gnu=yes
ac_cv_env_CC_set=
ac_cv_env_CC_value=
ac_cv_env_CFLAGS_set=
ac_cv_env_CFLAGS_value=
ac_cv_env_CPPFLAGS_set=
ac_cv_env_CPPFLAGS_value=
ac_cv_env_CPP_set=
ac_cv_env_CPP_value=
ac_cv_env_LDFLAGS_set=
ac_cv_env_LDFLAGS_value=
ac_cv_env_LIBS_set=
ac_cv_env_LIBS_value=
ac_cv_env_LT_SYS_LIBRARY_PATH_set=
ac_cv_env_LT_SYS_LIBRARY_PATH_value=
ac_cv_env_build_alias_set=
ac_cv_env_build_alias_value=
ac_cv_env_host_alias_set=
ac_cv_env_host_alias_value=
ac_cv_env_target_alias_set=
ac_cv_env_target_alias_value=
ac_cv_func_localtime=yes
ac_cv_header_assert_h=yes
ac_cv_header_ctype_h=yes
ac_cv_header_dlfcn_h=yes
ac_cv_header_fcntl_h=yes
ac_cv_header_inttypes_h=yes
ac_cv_header_malloc_h=yes
ac_cv_header_semaphore_h=yes
ac_cv_header_signal_h=yes
ac_cv_header_stdarg_h=yes
ac_cv_header_stdint_h=yes
ac_cv_header_stdio_h=yes
ac_cv_header_stdlib_h=yes
ac_cv_header_string_h=yes
ac_cv_header_strings_h=yes
ac_cv_header_sys_select_h=yes
ac_cv_header_sys_sem_h=yes
ac_cv_header_sys_signal_h=yes
ac_cv_header_sys_stat_h=yes
ac_cv_header_sys_time_h=yes
ac_cv_header_sys_types_h=yes
ac_cv_header_sys_unistd_h=yes
ac_cv_header_syslog_h=yes
ac_cv_header_time_h=yes
ac_cv_header_unistd_h=yes
ac_cv_header_varargs_h=no
ac_cv_host=x86_64-unknown-linux-gnu
ac_cv_lib_c_lrand48=yes
ac_cv_lib_nsl_nis_add=yes
ac_cv_lib_posix4_sem_open=no
ac_cv_lib_rt_clock_gettime=yes
ac_cv_lib_socket_sendto=no
ac_cv_objext=o
ac_cv_path_EGREP='/usr/bin/grep -E'
ac_cv_path_FGREP='/usr/bin/grep -F'
ac_cv_path_GREP=/usr/bin/grep
ac_cv_path_SED=/usr/bin/sed
ac_cv_path_install='/usr/bin/install -c'
ac_cv_path_lt_DD=/usr/bin/dd
ac_cv_path_mkdir=/usr/bin/mkdir
ac_cv_prog_AWK=mawk
ac_cv_prog_CPP='gcc -E'
ac_cv_prog_ac_ct_AR=ar
ac_cv_prog_ac_ct_CC=gcc
ac_cv_prog_ac_ct_MANIFEST_TOOL=mt
ac_cv_prog_ac_ct_OBJDUMP=objdump
ac_cv_prog_ac_ct_RANLIB=ranlib
ac_cv_prog_ac_ct_STRIP=strip
ac_cv_prog_cc_c11=
ac_cv_prog_cc_g=yes
ac_cv_prog_cc_stdc=
ac_cv_prog_make_make_set=yes
ac_cv_type_struct_timeval=yes
am_cv_CC_dependencies_compiler_type=gcc3
am_cv_make_support_nested_variables=yes
am_cv_prog_cc_c_o=yes
ax_cv_PTHREAD_PRIO_INHERIT=yes
lt_cv_ar_at_file=@
lt_cv_archive_cmds_need_lc=no
lt_cv_deplibs_check_method=pass_all
lt_cv_file_magic_cmd='$MAGIC_CMD'
lt_cv_file_magic_test_file=
lt_cv_ld_reload_flag=-r
lt_cv_nm_interface='BSD nm'
lt_cv_objdir=.libs
lt_cv_path_LD=/usr/bin/ld
lt_cv_path_NM='/usr/bin/nm -B'
lt_cv_path_mainfest_tool=no
lt_cv_prog_compiler_c_o=yes
lt_cv_prog_compiler_pic='-fPIC -DPIC'
lt_cv_prog_compiler_pic_works=yes
lt_cv_prog_compiler_rtti_exceptions=no
lt_cv_prog_compiler_static_works=yes
lt_cv_prog_gnu_ld=yes
lt_cv_sharedlib_from_linklib_cmd='printf %s\n'
lt_cv_shlibpath_overrides_runpath=yes
lt_cv_sys_global_symbol_pipe='sed -n -e '\''s/^.*[	 ]\([ABCDGIRSTW][ABCDGIRSTW]*\)[	 ][	 ]*\([_A-Za-z][_A-Za-z0-9]*\)$/\1 \2 \2/p'\'' | sed '\''/ __gnu_lto/d'\'''
lt_cv_sys_global_symbol_to_c_name_address='sed -n -e '\''s/^: \(.*\) .*$/  {"\1", (void *) 0},/p'\'' -e '\''s/^[ABCDGIRSTW][ABCDGIRSTW]* .* \(.*\)$/  {"\1", (void *) \&\1},/p'\'''
lt_cv_sys_global_symbol_to_c_name_address_lib_prefix='sed -n -e '\''s/^: \(.*\) .*$/  {"\1", (void *) 0},/p'\'' -e '\''s/^[ABCDGIRSTW][ABCDGIRSTW]* .* \(lib.*\)$/  {"\1", (void *) \&\1},/p'\'' -e '\''s/^[ABCDGIRSTW][ABCDGIRSTW]* .* \(.*\)$/  {"lib\1", (void *) \&\1},/p'\'''
lt_cv_sys_global_symbol_to_cdecl='sed -n -e '\''s/^T .* \(.*\)$/extern int \1();/p'\'' -e '\''s/^[ABCDGIRSTW][ABCDGIRSTW]* .* \(.*\)$/extern char \1;/p'\'''
lt_cv_sys_global_symbol_to_import=
lt_cv_sys_max_cmd_len=1572864
lt_cv_to_host_file_cmd=func_convert_file_noop
lt_cv_to_tool_file_cmd=func_convert_file_noop
lt_cv_truncate_bin='/usr/bin/dd bs=4096 count=1'

## ----------------- ##
## Output variables. ##
## ----------------- ##

ACLOCAL='${SHELL} '\''/media/kevin/9A3AC50E3AC4E879/GIT/libosip2-5.3.0/scripts/missing'\'' aclocal-1.16'
AMDEPBACKSLASH='\'
AMDEP_FALSE='#'
AMDEP_TRUE=''
AMTAR='$${TAR-tar}'
AM_BACKSLASH='\'
AM_DEFAULT_V='$(AM_DEFAULT_VERBOSITY)'
AM_DEFAULT_VERBOSITY='0'
AM_V='$(V)'
AR='ar'
AUTOCONF='${SHELL} '\''/media/kevin/9A3AC50E3AC4E879/GIT/libosip2-5.3.0/scripts/missing'\'' autoconf'
AUTOHEADER='${SHELL} '\''/media/kevin/9A3AC50E3AC4E879/GIT/libosip2-5.3.0/scripts/missing'\'' autoheader'
AUTOMAKE='${SHELL} '\''/media/kevin/9A3AC50E3AC4E879/GIT/libosip2-5.3.0/scripts/missing'\'' automake-1.16'
AWK='mawk'
BUILD_MAXSIZE_FALSE='#'
BUILD_MAXSIZE_TRUE=''
BUILD_MT_FALSE='#'
BUILD_MT_TRUE=''
CC='gcc'
CCDEPMODE='depmode=gcc3'
CFLAGS='-g -O2 '
COMPILE_TESTS_FALSE=''
COMPILE_TESTS_TRUE='#'
CPP='gcc -E'
CPPFLAGS=' -Wall -Wcast-align -Wchar-subscripts -Wformat -Winline -Wmissing-declarations -Wmissing-prototypes -Wnested-externs -Wpointer-arith'
CSCOPE='cscope'
CTAGS='ctags'
CYGPATH_W='echo'
DEFS='-DHAVE_CONFIG_H'
DEPDIR='.deps'
DLLTOOL='false'
DSYMUTIL=''
DUMPBIN=''
ECHO_C=''
ECHO_N='-n'
ECHO_T=''
EGREP='/usr/bin/grep -E'
ETAGS='etags'
EXEEXT=''
EXTRA_LIB=''
FGREP='/usr/bin/grep -F'
FSM_LIB=' -lnsl -lrt'
GREP='/usr/bin/grep'
INSTALL_DATA='${INSTALL} -m 644'
INSTALL_PROGRAM='${INSTALL}'
INSTALL_SCRIPT='${INSTALL}'
INSTALL_STRIP_PROGRAM='$(install_sh) -c -s'
LD='/usr/bin/ld -m elf_x86_64'
LDFLAGS=''
LIBOBJS=''
LIBOSIP_SO_VERSION='15:0:0'
LIBS=' '
LIBTOOL='$(SHELL) $(top_builddir)/libtool'
LIPO=''
LN_S='ln -s'
LTLIBOBJS=''
LT_SYS_LIBRARY_PATH=''
MAKEINFO='${SHELL} '\''/media/kevin/9A3AC50E3AC4E879/GIT/libosip2-5.3.0/scripts/missing'\'' makeinfo'
MANIFEST_TOOL=':'
MKDIR_P='/usr/bin/mkdir -p'
NM='/usr/bin/nm -B'
NMEDIT=''
OBJDUMP='objdump'
OBJEXT='o'
OSIP_VERSION=''
OTOOL64=''
OTOOL=''
PACKAGE='libosip2'
PACKAGE_BUGREPORT=''
PACKAGE_NAME='libosip2'
PACKAGE_STRING='libosip2 5.3.0'
PACKAGE_TARNAME='libosip2'
PACKAGE_URL=''
PACKAGE_VERSION='5.3.0'
PARSER_LIB=''
PATH_SEPARATOR=':'
PTHREAD_CC='gcc'
PTHREAD_CFLAGS=''
PTHREAD_LIBS=''
RANLIB='ranlib'
SED='/usr/bin/sed'
SET_MAKE=''
SHELL='/bin/bash'
SIP_CFLAGS=''
SIP_EXTRA_FLAGS=' -DENABLE_TRACE'
SIP_FSM_FLAGS=''
SIP_PARSER_FLAGS=''
STRIP='strip'
VERSION='5.3.0'
ac_ct_AR='ar'
ac_ct_CC='gcc'
ac_ct_DUMPBIN=''
am__EXEEXT_FALSE=''
am__EXEEXT_TRUE='#'
am__fastdepCC_FALSE='#'
am__fastdepCC_TRUE=''
am__include='include'
am__isrc=''
am__leading_dot='.'
am__nodep='_no'
am__quote=''
am__tar='$${TAR-tar} chof - "$$tardir"'
am__untar='$${TAR-tar} xf -'
ax_pthread_config=''
bindir='${exec_prefix}/bin'
build='x86_64-unknown-linux-gnu'
build_alias=''
build_cpu='x86_64'
build_os='linux-gnu'
build_vendor='unknown'
datadir='${datarootdir}'
datarootdir='${prefix}/share'
docdir='${datarootdir}/doc/${PACKAGE_TARNAME}'
dvidir='${docdir}'
exec_prefix='${prefix}'
host='x86_64-unknown-linux-gnu'
host_alias=''
host_cpu='x86_64'
host_os='linux-gnu'
host_vendor='unknown'
htmldir='${docdir}'
includedir='${prefix}/include'
infodir='${datarootdir}/info'
install_sh='${SHELL} /media/kevin/9A3AC50E3AC4E879/GIT/libosip2-5.3.0/scripts/install-sh'
libdir='${exec_prefix}/lib'
libexecdir='${exec_prefix}/libexec'
localedir='${datarootdir}/locale'
localstatedir='${prefix}/var'
mandir='${datarootdir}/man'
mkdir_p='$(MKDIR_P)'
oldincludedir='/usr/include'
pdfdir='${docdir}'
prefix='/home/kevin/workspace/3rd/osip2'
program_transform_name='s,x,x,'
psdir='${docdir}'
runstatedir='${localstatedir}/run'
sbindir='${exec_prefix}/sbin'
sharedstatedir='${prefix}/com'
sysconfdir='${prefix}/etc'
target_alias=''

## ----------- ##
## confdefs.h. ##
## ----------- ##

/* confdefs.h */
#define PACKAGE_NAME "libosip2"
#define PACKAGE_TARNAME "libosip2"
#define PACKAGE_VERSION "5.3.0"
#define PACKAGE_STRING "libosip2 5.3.0"
#define PACKAGE_BUGREPORT ""
#define PACKAGE_URL ""
#define PACKAGE "libosip2"
#define VERSION "5.3.0"
#define HAVE_STDIO_H 1
#define HAVE_STDLIB_H 1
#define HAVE_STRING_H 1
#define HAVE_INTTYPES_H 1
#define HAVE_STDINT_H 1
#define HAVE_STRINGS_H 1
#define HAVE_SYS_STAT_H 1
#define HAVE_SYS_TYPES_H 1
#define HAVE_UNISTD_H 1
#define STDC_HEADERS 1
#define HAVE_DLFCN_H 1
#define LT_OBJDIR ".libs/"
#define HAVE_PTHREAD_PRIO_INHERIT 1
#define HAVE_PTHREAD 1
#define HAVE_SEMAPHORE_H 1
#define HAVE_SYS_SEM_H 1
#define HAVE_LRAND48 /**/
#define HAVE_LOCALTIME 1
#define HAVE_STRING_H 1
#define HAVE_STRINGS_H 1
#define HAVE_STDLIB_H 1
#define HAVE_UNISTD_H 1
#define HAVE_SYS_TYPES_H 1
#define HAVE_SYS_UNISTD_H 1
#define HAVE_SYSLOG_H 1
#define HAVE_CTYPE_H 1
#define HAVE_STDIO_H 1
#define HAVE_STDARG_H 1
#define HAVE_FCNTL_H 1
#define HAVE_TIME_H 1
#define HAVE_SYS_TIME_H 1
#define HAVE_SYS_SELECT_H 1
#define HAVE_ASSERT_H 1
#define HAVE_SIGNAL_H 1
#define HAVE_SYS_SIGNAL_H 1
#define HAVE_MALLOC_H 1
#define HAVE_STRUCT_TIMEVAL 1

configure: exit 0

## ---------------------- ##
## Running config.status. ##
## ---------------------- ##

This file was extended by libosip2 config.status 5.3.0, which was
generated by GNU Autoconf 2.71.  Invocation command line was

  CONFIG_FILES    = 
  CONFIG_HEADERS  = 
  CONFIG_LINKS    = 
  CONFIG_COMMANDS = 
  $ ./config.status 

on kevin-T500

config.status:1141: creating libosip2.pc
config.status:1141: creating Makefile
config.status:1141: creating scripts/Makefile
config.status:1141: creating src/Makefile
config.status:1141: creating src/osipparser2/Makefile
config.status:1141: creating src/osip2/Makefile
config.status:1141: creating src/test/Makefile
config.status:1141: creating include/Makefile
config.status:1141: creating include/osip2/Makefile
config.status:1141: creating include/osipparser2/Makefile
config.status:1141: creating include/osipparser2/headers/Makefile
config.status:1141: creating help/Makefile
config.status:1141: creating help/man/Makefile
config.status:1141: creating help/doxygen/Makefile
config.status:1141: creating platform/Makefile
config.status:1141: creating platform/rpm/Makefile
config.status:1141: creating platform/vsnet/Makefile
config.status:1141: creating include/osip2/doxygen.dox
config.status:1141: creating osip-config.h
config.status:1322: osip-config.h is unchanged
config.status:1370: executing depfiles commands
config.status:1447: cd src/osipparser2       && sed -e '/# am--include-marker/d' Makefile         | make -f - am--depfiles
make[1]: Entering directory '/media/kevin/9A3AC50E3AC4E879/GIT/libosip2-5.3.0/src/osipparser2'
make[1]: Nothing to be done for 'am--depfiles'.
make[1]: Leaving directory '/media/kevin/9A3AC50E3AC4E879/GIT/libosip2-5.3.0/src/osipparser2'
config.status:1452: $? = 0
config.status:1447: cd src/osip2       && sed -e '/# am--include-marker/d' Makefile         | make -f - am--depfiles
make[1]: Entering directory '/media/kevin/9A3AC50E3AC4E879/GIT/libosip2-5.3.0/src/osip2'
make[1]: Nothing to be done for 'am--depfiles'.
make[1]: Leaving directory '/media/kevin/9A3AC50E3AC4E879/GIT/libosip2-5.3.0/src/osip2'
config.status:1452: $? = 0
config.status:1447: cd src/test       && sed -e '/# am--include-marker/d' Makefile         | make -f - am--depfiles
make[1]: Entering directory '/media/kevin/9A3AC50E3AC4E879/GIT/libosip2-5.3.0/src/test'
make[1]: Nothing to be done for 'am--depfiles'.
make[1]: Leaving directory '/media/kevin/9A3AC50E3AC4E879/GIT/libosip2-5.3.0/src/test'
config.status:1452: $? = 0
config.status:1370: executing libtool commands
